2013/09/18 08:01:54 [error] [php] Undefined variable: content (/Applications/MAMP/htdocs/yii/blake/protected/views/greeting/index.php:8)
Stack trace:
#0 /Applications/MAMP/htdocs/yii/framework/web/CController.php(869): GreetingController->renderFile()
#1 /Applications/MAMP/htdocs/yii/framework/web/CController.php(782): GreetingController->renderPartial()
#2 /Applications/MAMP/htdocs/yii/blake/protected/controllers/GreetingController.php(7): GreetingController->render()
#3 /Applications/MAMP/htdocs/yii/framework/web/actions/CInlineAction.php(49): GreetingController->actionIndex()
#4 /Applications/MAMP/htdocs/yii/framework/web/CController.php(308): CInlineAction->runWithParams()
#5 /Applications/MAMP/htdocs/yii/framework/web/CController.php(286): GreetingController->runAction()
#6 /Applications/MAMP/htdocs/yii/framework/web/CController.php(265): GreetingController->runActionWithFilters()
#7 /Applications/MAMP/htdocs/yii/framework/web/CWebApplication.php(282): GreetingController->run()
#8 /Applications/MAMP/htdocs/yii/framework/web/CWebApplication.php(141): CWebApplication->runController()
#9 /Applications/MAMP/htdocs/yii/framework/base/CApplication.php(180): CWebApplication->processRequest()
#10 /Applications/MAMP/htdocs/yii/blake/index.php(13): CWebApplication->run()
REQUEST_URI=/yii/blake/index.php?r=Greeting
in /Applications/MAMP/htdocs/yii/blake/protected/views/greeting/index.php (8)
in /Applications/MAMP/htdocs/yii/blake/protected/controllers/GreetingController.php (7)
in /Applications/MAMP/htdocs/yii/blake/index.php (13)
2013/09/18 08:23:51 [error] [exception.CDbException] exception 'CDbException' with message 'CDbConnection failed to open the DB connection: SQLSTATE[42000] [1049] Unknown database 'yi_tour'' in /Applications/MAMP/htdocs/yii/framework/db/CDbConnection.php:382
Stack trace:
#0 /Applications/MAMP/htdocs/yii/framework/db/CDbConnection.php(330): CDbConnection->open()
#1 /Applications/MAMP/htdocs/yii/framework/db/CDbConnection.php(308): CDbConnection->setActive(true)
#2 /Applications/MAMP/htdocs/yii/framework/base/CModule.php(387): CDbConnection->init()
#3 /Applications/MAMP/htdocs/yii/framework/base/CModule.php(103): CModule->getComponent('db')
#4 /Applications/MAMP/htdocs/yii/framework/gii/generators/model/ModelCode.php(60): CModule->__get('db')
#5 /Applications/MAMP/htdocs/yii/framework/web/CFormModel.php(39): ModelCode->init()
#6 /Applications/MAMP/htdocs/yii/framework/gii/CCodeGenerator.php(153): CFormModel->__construct()
#7 /Applications/MAMP/htdocs/yii/framework/gii/CCodeGenerator.php(63): CCodeGenerator->prepare()
#8 /Applications/MAMP/htdocs/yii/framework/web/actions/CInlineAction.php(49): CCodeGenerator->actionIndex()
#9 /Applications/MAMP/htdocs/yii/framework/web/CController.php(308): CInlineAction->runWithParams(Array)
#10 /Applications/MAMP/htdocs/yii/framework/web/CController.php(286): CController->runAction(Object(CInlineAction))
#11 /Applications/MAMP/htdocs/yii/framework/web/CController.php(265): CController->runActionWithFilters(Object(CInlineAction), Array)
#12 /Applications/MAMP/htdocs/yii/framework/web/CWebApplication.php(282): CController->run('index')
#13 /Applications/MAMP/htdocs/yii/framework/web/CWebApplication.php(141): CWebApplication->runController('gii/model/index')
#14 /Applications/MAMP/htdocs/yii/framework/base/CApplication.php(180): CWebApplication->processRequest()
#15 /Applications/MAMP/htdocs/yii/blake/index.php(13): CApplication->run()
#16 {main}
REQUEST_URI=/yii/blake/index.php?r=gii/model/index
HTTP_REFERER=http://localhost:8888/yii/blake/index.php?r=gii/controller/index
---
2013/09/18 08:31:13 [error] [exception.CHttpException.403] exception 'CHttpException' with message 'You are not authorized to perform this action.' in /Applications/MAMP/htdocs/yii/framework/web/auth/CAccessControlFilter.php:182
Stack trace:
#0 /Applications/MAMP/htdocs/yii/framework/web/auth/CAccessControlFilter.php(145): CAccessControlFilter->accessDenied(Object(CWebUser), 'You are not aut...')
#1 /Applications/MAMP/htdocs/yii/framework/web/filters/CFilter.php(38): CAccessControlFilter->preFilter(Object(CFilterChain))
#2 /Applications/MAMP/htdocs/yii/framework/web/CController.php(1145): CFilter->filter(Object(CFilterChain))
#3 /Applications/MAMP/htdocs/yii/framework/web/filters/CInlineFilter.php(58): CController->filterAccessControl(Object(CFilterChain))
#4 /Applications/MAMP/htdocs/yii/framework/web/filters/CFilterChain.php(130): CInlineFilter->filter(Object(CFilterChain))
#5 /Applications/MAMP/htdocs/yii/framework/web/CController.php(291): CFilterChain->run()
#6 /Applications/MAMP/htdocs/yii/framework/web/CController.php(265): CController->runActionWithFilters(Object(CInlineAction), Array)
#7 /Applications/MAMP/htdocs/yii/framework/web/CWebApplication.php(282): CController->run('admin')
#8 /Applications/MAMP/htdocs/yii/framework/web/CWebApplication.php(141): CWebApplication->runController('tblMessage/admi...')
#9 /Applications/MAMP/htdocs/yii/framework/base/CApplication.php(180): CWebApplication->processRequest()
#10 /Applications/MAMP/htdocs/yii/blake/index.php(13): CApplication->run()
#11 {main}
REQUEST_URI=/yii/blake/index.php?r=tblMessage/admin
HTTP_REFERER=http://localhost:8888/yii/blake/index.php?r=tblMessage/index
---
2013/09/18 08:32:39 [error] [exception.CHttpException.403] exception 'CHttpException' with message 'You are not authorized to perform this action.' in /Applications/MAMP/htdocs/yii/framework/web/auth/CAccessControlFilter.php:182
Stack trace:
#0 /Applications/MAMP/htdocs/yii/framework/web/auth/CAccessControlFilter.php(145): CAccessControlFilter->accessDenied(Object(CWebUser), 'You are not aut...')
#1 /Applications/MAMP/htdocs/yii/framework/web/filters/CFilter.php(38): CAccessControlFilter->preFilter(Object(CFilterChain))
#2 /Applications/MAMP/htdocs/yii/framework/web/CController.php(1145): CFilter->filter(Object(CFilterChain))
#3 /Applications/MAMP/htdocs/yii/framework/web/filters/CInlineFilter.php(58): CController->filterAccessControl(Object(CFilterChain))
#4 /Applications/MAMP/htdocs/yii/framework/web/filters/CFilterChain.php(130): CInlineFilter->filter(Object(CFilterChain))
#5 /Applications/MAMP/htdocs/yii/framework/web/CController.php(291): CFilterChain->run()
#6 /Applications/MAMP/htdocs/yii/framework/web/CController.php(265): CController->runActionWithFilters(Object(CInlineAction), Array)
#7 /Applications/MAMP/htdocs/yii/framework/web/CWebApplication.php(282): CController->run('delete')
#8 /Applications/MAMP/htdocs/yii/framework/web/CWebApplication.php(141): CWebApplication->runController('tblMessage/dele...')
#9 /Applications/MAMP/htdocs/yii/framework/base/CApplication.php(180): CWebApplication->processRequest()
#10 /Applications/MAMP/htdocs/yii/blake/index.php(13): CApplication->run()
#11 {main}
REQUEST_URI=/yii/blake/index.php?r=tblMessage/delete&id=3
HTTP_REFERER=http://localhost:8888/yii/blake/index.php?r=tblMessage/view&id=3
---
2013/09/18 08:35:27 [error] [exception.CHttpException.404] exception 'CHttpException' with message 'The requested page does not exist.' in /Applications/MAMP/htdocs/yii/blake/protected/controllers/TblMessageController.php:157
Stack trace:
#0 /Applications/MAMP/htdocs/yii/blake/protected/controllers/TblMessageController.php(55): TblMessageController->loadModel('3')
#1 [internal function]: TblMessageController->actionView('3')
#2 /Applications/MAMP/htdocs/yii/framework/web/actions/CAction.php(108): ReflectionMethod->invokeArgs(Object(TblMessageController), Array)
#3 /Applications/MAMP/htdocs/yii/framework/web/actions/CInlineAction.php(47): CAction->runWithParamsInternal(Object(TblMessageController), Object(ReflectionMethod), Array)
#4 /Applications/MAMP/htdocs/yii/framework/web/CController.php(308): CInlineAction->runWithParams(Array)
#5 /Applications/MAMP/htdocs/yii/framework/web/filters/CFilterChain.php(133): CController->runAction(Object(CInlineAction))
#6 /Applications/MAMP/htdocs/yii/framework/web/filters/CFilter.php(40): CFilterChain->run()
#7 /Applications/MAMP/htdocs/yii/framework/web/CController.php(1145): CFilter->filter(Object(CFilterChain))
#8 /Applications/MAMP/htdocs/yii/framework/web/filters/CInlineFilter.php(58): CController->filterAccessControl(Object(CFilterChain))
#9 /Applications/MAMP/htdocs/yii/framework/web/filters/CFilterChain.php(130): CInlineFilter->filter(Object(CFilterChain))
#10 /Applications/MAMP/htdocs/yii/framework/web/CController.php(291): CFilterChain->run()
#11 /Applications/MAMP/htdocs/yii/framework/web/CController.php(265): CController->runActionWithFilters(Object(CInlineAction), Array)
#12 /Applications/MAMP/htdocs/yii/framework/web/CWebApplication.php(282): CController->run('view')
#13 /Applications/MAMP/htdocs/yii/framework/web/CWebApplication.php(141): CWebApplication->runController('tblMessage/view')
#14 /Applications/MAMP/htdocs/yii/framework/base/CApplication.php(180): CWebApplication->processRequest()
#15 /Applications/MAMP/htdocs/yii/blake/index.php(13): CApplication->run()
#16 {main}
REQUEST_URI=/yii/blake/index.php?r=tblMessage/view&id=3
---
